{"/home/santiago/Documentos/programacion_4/Progra_4/nuevo/capstone_prog4/src/models/gameRouteModel.js": {"path":"/home/santiago/Documentos/programacion_4/Progra_4/nuevo/capstone_prog4/src/models/gameRouteModel.js","statementMap":{"0":{"start":{"line":3,"column":24},"end":{"line":22,"column":2}},"1":{"start":{"line":24,"column":18},"end":{"line":24,"column":62}}},"fnMap":{},"branchMap":{},"s":{"0":2,"1":2},"f":{},"b":{},"_coverageSchema":"1a1c01bbd47fc00a2c39e90264f33305004495a9","hash":"d646d98350788054a1c8bb9f492c2b222fef54a0"}
,"/home/santiago/Documentos/programacion_4/Progra_4/nuevo/capstone_prog4/src/models/mapModel.js": {"path":"/home/santiago/Documentos/programacion_4/Progra_4/nuevo/capstone_prog4/src/models/mapModel.js","statementMap":{"0":{"start":{"line":3,"column":18},"end":{"line":37,"column":2}},"1":{"start":{"line":39,"column":12},"end":{"line":39,"column":44}}},"fnMap":{},"branchMap":{},"s":{"0":2,"1":2},"f":{},"b":{},"_coverageSchema":"1a1c01bbd47fc00a2c39e90264f33305004495a9","hash":"4003b06306c2c03e98e86c04de54130633261127"}
,"/home/santiago/Documentos/programacion_4/Progra_4/nuevo/capstone_prog4/src/models/obstacleModel.js": {"path":"/home/santiago/Documentos/programacion_4/Progra_4/nuevo/capstone_prog4/src/models/obstacleModel.js","statementMap":{"0":{"start":{"line":3,"column":23},"end":{"line":23,"column":2}},"1":{"start":{"line":25,"column":17},"end":{"line":25,"column":59}}},"fnMap":{},"branchMap":{},"s":{"0":2,"1":2},"f":{},"b":{},"_coverageSchema":"1a1c01bbd47fc00a2c39e90264f33305004495a9","hash":"5b56515eb31edec01ca34a49b241c86ff467c6d4"}
,"/home/santiago/Documentos/programacion_4/Progra_4/nuevo/capstone_prog4/src/models/waitPointModel.js": {"path":"/home/santiago/Documentos/programacion_4/Progra_4/nuevo/capstone_prog4/src/models/waitPointModel.js","statementMap":{"0":{"start":{"line":3,"column":24},"end":{"line":19,"column":2}},"1":{"start":{"line":21,"column":18},"end":{"line":21,"column":62}}},"fnMap":{},"branchMap":{},"s":{"0":2,"1":2},"f":{},"b":{},"_coverageSchema":"1a1c01bbd47fc00a2c39e90264f33305004495a9","hash":"9b25751e797a232925fb382f4651dff44a0d2335"}
,"/home/santiago/Documentos/programacion_4/Progra_4/nuevo/capstone_prog4/src/services/gameRouteService.js": {"path":"/home/santiago/Documentos/programacion_4/Progra_4/nuevo/capstone_prog4/src/services/gameRouteService.js","statementMap":{"0":{"start":{"line":10,"column":4},"end":{"line":10,"column":51}},"1":{"start":{"line":11,"column":4},"end":{"line":11,"column":39}},"2":{"start":{"line":16,"column":24},"end":{"line":16,"column":77}},"3":{"start":{"line":17,"column":18},"end":{"line":17,"column":54}},"4":{"start":{"line":19,"column":4},"end":{"line":21,"column":5}},"5":{"start":{"line":20,"column":6},"end":{"line":20,"column":58}},"6":{"start":{"line":23,"column":4},"end":{"line":23,"column":17}},"7":{"start":{"line":28,"column":22},"end":{"line":28,"column":72}},"8":{"start":{"line":29,"column":24},"end":{"line":29,"column":74}},"9":{"start":{"line":31,"column":4},"end":{"line":33,"column":5}},"10":{"start":{"line":32,"column":6},"end":{"line":32,"column":65}},"11":{"start":{"line":35,"column":4},"end":{"line":37,"column":5}},"12":{"start":{"line":36,"column":6},"end":{"line":36,"column":76}},"13":{"start":{"line":39,"column":4},"end":{"line":39,"column":59}},"14":{"start":{"line":43,"column":34},"end":{"line":43,"column":47}},"15":{"start":{"line":45,"column":4},"end":{"line":45,"column":60}},"16":{"start":{"line":49,"column":4},"end":{"line":54,"column":5}},"17":{"start":{"line":50,"column":6},"end":{"line":50,"column":73}},"18":{"start":{"line":52,"column":6},"end":{"line":52,"column":57}},"19":{"start":{"line":53,"column":6},"end":{"line":53,"column":58}},"20":{"start":{"line":56,"column":4},"end":{"line":59,"column":5}},"21":{"start":{"line":57,"column":6},"end":{"line":57,"column":63}},"22":{"start":{"line":58,"column":6},"end":{"line":58,"column":58}},"23":{"start":{"line":62,"column":4},"end":{"line":62,"column":23}},"24":{"start":{"line":67,"column":22},"end":{"line":67,"column":72}},"25":{"start":{"line":68,"column":16},"end":{"line":68,"column":61}},"26":{"start":{"line":71,"column":4},"end":{"line":73,"column":5}},"27":{"start":{"line":72,"column":6},"end":{"line":72,"column":39}},"28":{"start":{"line":76,"column":25},"end":{"line":78,"column":5}},"29":{"start":{"line":79,"column":4},"end":{"line":79,"column":73}},"30":{"start":{"line":83,"column":4},"end":{"line":83,"column":50}},"31":{"start":{"line":88,"column":27},"end":{"line":88,"column":37}},"32":{"start":{"line":89,"column":22},"end":{"line":89,"column":60}},"33":{"start":{"line":90,"column":4},"end":{"line":90,"column":70}},"34":{"start":{"line":92,"column":25},"end":{"line":94,"column":5}},"35":{"start":{"line":95,"column":4},"end":{"line":95,"column":72}},"36":{"start":{"line":100,"column":18},"end":{"line":100,"column":56}},"37":{"start":{"line":101,"column":4},"end":{"line":103,"column":5}},"38":{"start":{"line":102,"column":6},"end":{"line":102,"column":58}},"39":{"start":{"line":105,"column":25},"end":{"line":107,"column":5}},"40":{"start":{"line":108,"column":4},"end":{"line":108,"column":72}}},"fnMap":{"0":{"name":"(anonymous_0)","decl":{"start":{"line":9,"column":2},"end":{"line":9,"column":3}},"loc":{"start":{"line":9,"column":50},"end":{"line":12,"column":3}},"line":9},"1":{"name":"(anonymous_1)","decl":{"start":{"line":15,"column":2},"end":{"line":15,"column":3}},"loc":{"start":{"line":15,"column":36},"end":{"line":24,"column":3}},"line":15},"2":{"name":"(anonymous_2)","decl":{"start":{"line":27,"column":2},"end":{"line":27,"column":3}},"loc":{"start":{"line":27,"column":53},"end":{"line":40,"column":3}},"line":27},"3":{"name":"(anonymous_3)","decl":{"start":{"line":42,"column":2},"end":{"line":42,"column":3}},"loc":{"start":{"line":42,"column":39},"end":{"line":63,"column":3}},"line":42},"4":{"name":"(anonymous_4)","decl":{"start":{"line":65,"column":2},"end":{"line":65,"column":3}},"loc":{"start":{"line":65,"column":36},"end":{"line":80,"column":3}},"line":65},"5":{"name":"(anonymous_5)","decl":{"start":{"line":82,"column":2},"end":{"line":82,"column":3}},"loc":{"start":{"line":82,"column":29},"end":{"line":84,"column":3}},"line":82},"6":{"name":"(anonymous_6)","decl":{"start":{"line":87,"column":2},"end":{"line":87,"column":3}},"loc":{"start":{"line":87,"column":44},"end":{"line":96,"column":3}},"line":87},"7":{"name":"(anonymous_7)","decl":{"start":{"line":99,"column":2},"end":{"line":99,"column":3}},"loc":{"start":{"line":99,"column":32},"end":{"line":109,"column":3}},"line":99}},"branchMap":{"0":{"loc":{"start":{"line":19,"column":4},"end":{"line":21,"column":5}},"type":"if","locations":[{"start":{"line":19,"column":4},"end":{"line":21,"column":5}},{"start":{},"end":{}}],"line":19},"1":{"loc":{"start":{"line":31,"column":4},"end":{"line":33,"column":5}},"type":"if","locations":[{"start":{"line":31,"column":4},"end":{"line":33,"column":5}},{"start":{},"end":{}}],"line":31},"2":{"loc":{"start":{"line":31,"column":8},"end":{"line":31,"column":47}},"type":"binary-expr","locations":[{"start":{"line":31,"column":8},"end":{"line":31,"column":20}},{"start":{"line":31,"column":24},"end":{"line":31,"column":47}}],"line":31},"3":{"loc":{"start":{"line":35,"column":4},"end":{"line":37,"column":5}},"type":"if","locations":[{"start":{"line":35,"column":4},"end":{"line":37,"column":5}},{"start":{},"end":{}}],"line":35},"4":{"loc":{"start":{"line":56,"column":4},"end":{"line":59,"column":5}},"type":"if","locations":[{"start":{"line":56,"column":4},"end":{"line":59,"column":5}},{"start":{},"end":{}}],"line":56},"5":{"loc":{"start":{"line":71,"column":4},"end":{"line":73,"column":5}},"type":"if","locations":[{"start":{"line":71,"column":4},"end":{"line":73,"column":5}},{"start":{},"end":{}}],"line":71},"6":{"loc":{"start":{"line":101,"column":4},"end":{"line":103,"column":5}},"type":"if","locations":[{"start":{"line":101,"column":4},"end":{"line":103,"column":5}},{"start":{},"end":{}}],"line":101}},"s":{"0":14,"1":14,"2":5,"3":5,"4":5,"5":2,"6":3,"7":3,"8":3,"9":3,"10":1,"11":2,"12":0,"13":1,"14":2,"15":2,"16":1,"17":1,"18":0,"19":0,"20":1,"21":0,"22":0,"23":1,"24":4,"25":4,"26":4,"27":1,"28":3,"29":3,"30":0,"31":2,"32":2,"33":1,"34":1,"35":1,"36":3,"37":2,"38":0,"39":2,"40":2},"f":{"0":14,"1":5,"2":3,"3":2,"4":4,"5":0,"6":2,"7":3},"b":{"0":[2,3],"1":[1,2],"2":[3,2],"3":[0,1],"4":[0,1],"5":[1,3],"6":[0,2]},"_coverageSchema":"1a1c01bbd47fc00a2c39e90264f33305004495a9","hash":"8eb55a5e0383ff6b497ea667903be7f2705fb10f"}
,"/home/santiago/Documentos/programacion_4/Progra_4/nuevo/capstone_prog4/src/services/mapService.js": {"path":"/home/santiago/Documentos/programacion_4/Progra_4/nuevo/capstone_prog4/src/services/mapService.js","statementMap":{"0":{"start":{"line":7,"column":4},"end":{"line":7,"column":39}},"1":{"start":{"line":8,"column":4},"end":{"line":8,"column":49}},"2":{"start":{"line":13,"column":4},"end":{"line":60,"column":5}},"3":{"start":{"line":14,"column":6},"end":{"line":14,"column":61}},"4":{"start":{"line":17,"column":6},"end":{"line":19,"column":7}},"5":{"start":{"line":18,"column":8},"end":{"line":18,"column":57}},"6":{"start":{"line":22,"column":26},"end":{"line":22,"column":55}},"7":{"start":{"line":23,"column":27},"end":{"line":23,"column":81}},"8":{"start":{"line":26,"column":21},"end":{"line":26,"column":74}},"9":{"start":{"line":27,"column":6},"end":{"line":27,"column":55}},"10":{"start":{"line":30,"column":24},"end":{"line":30,"column":47}},"11":{"start":{"line":31,"column":31},"end":{"line":31,"column":33}},"12":{"start":{"line":33,"column":6},"end":{"line":44,"column":7}},"13":{"start":{"line":35,"column":34},"end":{"line":35,"column":72}},"14":{"start":{"line":37,"column":34},"end":{"line":39,"column":9}},"15":{"start":{"line":40,"column":28},"end":{"line":40,"column":91}},"16":{"start":{"line":43,"column":8},"end":{"line":43,"column":47}},"17":{"start":{"line":47,"column":6},"end":{"line":47,"column":42}},"18":{"start":{"line":48,"column":31},"end":{"line":50,"column":7}},"19":{"start":{"line":53,"column":25},"end":{"line":53,"column":97}},"20":{"start":{"line":54,"column":6},"end":{"line":54,"column":66}},"21":{"start":{"line":56,"column":6},"end":{"line":56,"column":24}},"22":{"start":{"line":58,"column":6},"end":{"line":58,"column":50}},"23":{"start":{"line":59,"column":6},"end":{"line":59,"column":18}},"24":{"start":{"line":66,"column":23},"end":{"line":66,"column":67}},"25":{"start":{"line":67,"column":4},"end":{"line":67,"column":64}},"26":{"start":{"line":72,"column":22},"end":{"line":72,"column":69}},"27":{"start":{"line":73,"column":21},"end":{"line":73,"column":71}},"28":{"start":{"line":74,"column":4},"end":{"line":74,"column":20}},"29":{"start":{"line":78,"column":25},"end":{"line":78,"column":86}},"30":{"start":{"line":79,"column":23},"end":{"line":79,"column":76}},"31":{"start":{"line":80,"column":4},"end":{"line":80,"column":22}},"32":{"start":{"line":85,"column":25},"end":{"line":85,"column":74}},"33":{"start":{"line":86,"column":23},"end":{"line":86,"column":80}},"34":{"start":{"line":87,"column":4},"end":{"line":87,"column":51}}},"fnMap":{"0":{"name":"(anonymous_0)","decl":{"start":{"line":6,"column":2},"end":{"line":6,"column":3}},"loc":{"start":{"line":6,"column":49},"end":{"line":9,"column":3}},"line":6},"1":{"name":"(anonymous_1)","decl":{"start":{"line":12,"column":2},"end":{"line":12,"column":3}},"loc":{"start":{"line":12,"column":27},"end":{"line":61,"column":3}},"line":12},"2":{"name":"(anonymous_2)","decl":{"start":{"line":65,"column":2},"end":{"line":65,"column":3}},"loc":{"start":{"line":65,"column":18},"end":{"line":68,"column":3}},"line":65},"3":{"name":"(anonymous_3)","decl":{"start":{"line":71,"column":2},"end":{"line":71,"column":3}},"loc":{"start":{"line":71,"column":23},"end":{"line":75,"column":3}},"line":71},"4":{"name":"(anonymous_4)","decl":{"start":{"line":77,"column":2},"end":{"line":77,"column":3}},"loc":{"start":{"line":77,"column":38},"end":{"line":81,"column":3}},"line":77},"5":{"name":"(anonymous_5)","decl":{"start":{"line":84,"column":2},"end":{"line":84,"column":3}},"loc":{"start":{"line":84,"column":22},"end":{"line":88,"column":3}},"line":84}},"branchMap":{"0":{"loc":{"start":{"line":17,"column":6},"end":{"line":19,"column":7}},"type":"if","locations":[{"start":{"line":17,"column":6},"end":{"line":19,"column":7}},{"start":{},"end":{}}],"line":17},"1":{"loc":{"start":{"line":17,"column":10},"end":{"line":17,"column":71}},"type":"binary-expr","locations":[{"start":{"line":17,"column":10},"end":{"line":17,"column":38}},{"start":{"line":17,"column":42},"end":{"line":17,"column":71}}],"line":17},"2":{"loc":{"start":{"line":30,"column":24},"end":{"line":30,"column":47}},"type":"binary-expr","locations":[{"start":{"line":30,"column":24},"end":{"line":30,"column":41}},{"start":{"line":30,"column":45},"end":{"line":30,"column":47}}],"line":30}},"s":{"0":7,"1":7,"2":3,"3":3,"4":3,"5":1,"6":2,"7":2,"8":2,"9":2,"10":2,"11":2,"12":2,"13":0,"14":0,"15":0,"16":0,"17":2,"18":1,"19":1,"20":1,"21":1,"22":2,"23":2,"24":1,"25":1,"26":1,"27":1,"28":1,"29":1,"30":1,"31":1,"32":1,"33":1,"34":1},"f":{"0":7,"1":3,"2":1,"3":1,"4":1,"5":1},"b":{"0":[1,2],"1":[3,2],"2":[2,1]},"_coverageSchema":"1a1c01bbd47fc00a2c39e90264f33305004495a9","hash":"c208c1917287fffca565808a92c9adcb69672859"}
,"/home/santiago/Documentos/programacion_4/Progra_4/nuevo/capstone_prog4/src/services/obstacleService.js": {"path":"/home/santiago/Documentos/programacion_4/Progra_4/nuevo/capstone_prog4/src/services/obstacleService.js","statementMap":{"0":{"start":{"line":6,"column":4},"end":{"line":6,"column":49}},"1":{"start":{"line":10,"column":4},"end":{"line":32,"column":5}},"2":{"start":{"line":11,"column":6},"end":{"line":11,"column":58}},"3":{"start":{"line":14,"column":6},"end":{"line":16,"column":7}},"4":{"start":{"line":15,"column":8},"end":{"line":15,"column":62}},"5":{"start":{"line":19,"column":32},"end":{"line":21,"column":7}},"6":{"start":{"line":23,"column":6},"end":{"line":23,"column":59}},"7":{"start":{"line":25,"column":26},"end":{"line":25,"column":89}},"8":{"start":{"line":27,"column":6},"end":{"line":27,"column":65}},"9":{"start":{"line":28,"column":6},"end":{"line":28,"column":25}},"10":{"start":{"line":30,"column":6},"end":{"line":30,"column":55}},"11":{"start":{"line":31,"column":6},"end":{"line":31,"column":18}},"12":{"start":{"line":37,"column":28},"end":{"line":37,"column":77}},"13":{"start":{"line":38,"column":4},"end":{"line":38,"column":74}},"14":{"start":{"line":43,"column":27},"end":{"line":43,"column":79}},"15":{"start":{"line":44,"column":26},"end":{"line":44,"column":86}},"16":{"start":{"line":45,"column":4},"end":{"line":45,"column":25}},"17":{"start":{"line":50,"column":25},"end":{"line":50,"column":91}},"18":{"start":{"line":51,"column":28},"end":{"line":51,"column":86}},"19":{"start":{"line":52,"column":4},"end":{"line":52,"column":27}},"20":{"start":{"line":57,"column":25},"end":{"line":57,"column":79}},"21":{"start":{"line":58,"column":4},"end":{"line":58,"column":63}},"22":{"start":{"line":59,"column":4},"end":{"line":59,"column":56}}},"fnMap":{"0":{"name":"(anonymous_0)","decl":{"start":{"line":5,"column":2},"end":{"line":5,"column":3}},"loc":{"start":{"line":5,"column":34},"end":{"line":7,"column":3}},"line":5},"1":{"name":"(anonymous_1)","decl":{"start":{"line":9,"column":2},"end":{"line":9,"column":3}},"loc":{"start":{"line":9,"column":37},"end":{"line":33,"column":3}},"line":9},"2":{"name":"(anonymous_2)","decl":{"start":{"line":36,"column":2},"end":{"line":36,"column":3}},"loc":{"start":{"line":36,"column":23},"end":{"line":39,"column":3}},"line":36},"3":{"name":"(anonymous_3)","decl":{"start":{"line":42,"column":2},"end":{"line":42,"column":3}},"loc":{"start":{"line":42,"column":28},"end":{"line":46,"column":3}},"line":42},"4":{"name":"(anonymous_4)","decl":{"start":{"line":49,"column":2},"end":{"line":49,"column":3}},"loc":{"start":{"line":49,"column":43},"end":{"line":53,"column":3}},"line":49},"5":{"name":"(anonymous_5)","decl":{"start":{"line":56,"column":2},"end":{"line":56,"column":3}},"loc":{"start":{"line":56,"column":27},"end":{"line":60,"column":3}},"line":56}},"branchMap":{"0":{"loc":{"start":{"line":14,"column":6},"end":{"line":16,"column":7}},"type":"if","locations":[{"start":{"line":14,"column":6},"end":{"line":16,"column":7}},{"start":{},"end":{}}],"line":14},"1":{"loc":{"start":{"line":14,"column":10},"end":{"line":14,"column":59}},"type":"binary-expr","locations":[{"start":{"line":14,"column":10},"end":{"line":14,"column":32}},{"start":{"line":14,"column":36},"end":{"line":14,"column":59}}],"line":14}},"s":{"0":6,"1":2,"2":2,"3":2,"4":1,"5":1,"6":1,"7":1,"8":1,"9":1,"10":1,"11":1,"12":1,"13":1,"14":1,"15":1,"16":1,"17":1,"18":1,"19":1,"20":1,"21":1,"22":1},"f":{"0":6,"1":2,"2":1,"3":1,"4":1,"5":1},"b":{"0":[1,1],"1":[2,1]},"_coverageSchema":"1a1c01bbd47fc00a2c39e90264f33305004495a9","hash":"10a3a9835bd6cd520b28f144eca4014f378d205f"}
,"/home/santiago/Documentos/programacion_4/Progra_4/nuevo/capstone_prog4/src/services/userService.js": {"path":"/home/santiago/Documentos/programacion_4/Progra_4/nuevo/capstone_prog4/src/services/userService.js","statementMap":{"0":{"start":{"line":6,"column":4},"end":{"line":6,"column":41}},"1":{"start":{"line":10,"column":4},"end":{"line":28,"column":5}},"2":{"start":{"line":11,"column":24},"end":{"line":11,"column":32}},"3":{"start":{"line":13,"column":6},"end":{"line":15,"column":7}},"4":{"start":{"line":14,"column":8},"end":{"line":14,"column":49}},"5":{"start":{"line":17,"column":33},"end":{"line":17,"column":87}},"6":{"start":{"line":18,"column":6},"end":{"line":20,"column":7}},"7":{"start":{"line":19,"column":8},"end":{"line":19,"column":63}},"8":{"start":{"line":23,"column":28},"end":{"line":23,"column":80}},"9":{"start":{"line":24,"column":6},"end":{"line":24,"column":69}},"10":{"start":{"line":26,"column":6},"end":{"line":26,"column":51}},"11":{"start":{"line":27,"column":6},"end":{"line":27,"column":18}},"12":{"start":{"line":32,"column":24},"end":{"line":32,"column":69}},"13":{"start":{"line":33,"column":4},"end":{"line":33,"column":60}},"14":{"start":{"line":37,"column":23},"end":{"line":37,"column":97}},"15":{"start":{"line":38,"column":4},"end":{"line":38,"column":59}},"16":{"start":{"line":42,"column":4},"end":{"line":66,"column":5}},"17":{"start":{"line":43,"column":6},"end":{"line":43,"column":45}},"18":{"start":{"line":45,"column":6},"end":{"line":59,"column":7}},"19":{"start":{"line":46,"column":8},"end":{"line":48,"column":9}},"20":{"start":{"line":47,"column":10},"end":{"line":47,"column":51}},"21":{"start":{"line":50,"column":34},"end":{"line":50,"column":86}},"22":{"start":{"line":51,"column":28},"end":{"line":51,"column":82}},"23":{"start":{"line":53,"column":8},"end":{"line":58,"column":9}},"24":{"start":{"line":54,"column":36},"end":{"line":54,"column":108}},"25":{"start":{"line":55,"column":10},"end":{"line":57,"column":11}},"26":{"start":{"line":56,"column":12},"end":{"line":56,"column":67}},"27":{"start":{"line":61,"column":32},"end":{"line":61,"column":98}},"28":{"start":{"line":62,"column":6},"end":{"line":62,"column":68}},"29":{"start":{"line":64,"column":6},"end":{"line":64,"column":51}},"30":{"start":{"line":65,"column":6},"end":{"line":65,"column":18}},"31":{"start":{"line":70,"column":4},"end":{"line":70,"column":42}},"32":{"start":{"line":71,"column":25},"end":{"line":71,"column":79}},"33":{"start":{"line":72,"column":4},"end":{"line":72,"column":54}},"34":{"start":{"line":73,"column":4},"end":{"line":73,"column":61}},"35":{"start":{"line":78,"column":23},"end":{"line":78,"column":75}},"36":{"start":{"line":79,"column":4},"end":{"line":79,"column":59}},"37":{"start":{"line":84,"column":23},"end":{"line":84,"column":72}},"38":{"start":{"line":85,"column":4},"end":{"line":85,"column":34}},"39":{"start":{"line":90,"column":26},"end":{"line":90,"column":60}},"40":{"start":{"line":91,"column":26},"end":{"line":91,"column":97}},"41":{"start":{"line":91,"column":66},"end":{"line":91,"column":96}},"42":{"start":{"line":92,"column":4},"end":{"line":94,"column":5}},"43":{"start":{"line":93,"column":6},"end":{"line":93,"column":80}}},"fnMap":{"0":{"name":"(anonymous_0)","decl":{"start":{"line":5,"column":2},"end":{"line":5,"column":3}},"loc":{"start":{"line":5,"column":30},"end":{"line":7,"column":3}},"line":5},"1":{"name":"(anonymous_1)","decl":{"start":{"line":9,"column":2},"end":{"line":9,"column":3}},"loc":{"start":{"line":9,"column":29},"end":{"line":29,"column":3}},"line":9},"2":{"name":"(anonymous_2)","decl":{"start":{"line":31,"column":2},"end":{"line":31,"column":3}},"loc":{"start":{"line":31,"column":22},"end":{"line":34,"column":3}},"line":31},"3":{"name":"(anonymous_3)","decl":{"start":{"line":36,"column":2},"end":{"line":36,"column":3}},"loc":{"start":{"line":36,"column":28},"end":{"line":39,"column":3}},"line":36},"4":{"name":"(anonymous_4)","decl":{"start":{"line":41,"column":2},"end":{"line":41,"column":3}},"loc":{"start":{"line":41,"column":39},"end":{"line":67,"column":3}},"line":41},"5":{"name":"(anonymous_5)","decl":{"start":{"line":69,"column":2},"end":{"line":69,"column":3}},"loc":{"start":{"line":69,"column":27},"end":{"line":74,"column":3}},"line":69},"6":{"name":"(anonymous_6)","decl":{"start":{"line":77,"column":2},"end":{"line":77,"column":3}},"loc":{"start":{"line":77,"column":35},"end":{"line":80,"column":3}},"line":77},"7":{"name":"(anonymous_7)","decl":{"start":{"line":83,"column":2},"end":{"line":83,"column":3}},"loc":{"start":{"line":83,"column":22},"end":{"line":86,"column":3}},"line":83},"8":{"name":"(anonymous_8)","decl":{"start":{"line":89,"column":2},"end":{"line":89,"column":3}},"loc":{"start":{"line":89,"column":36},"end":{"line":95,"column":3}},"line":89},"9":{"name":"(anonymous_9)","decl":{"start":{"line":91,"column":57},"end":{"line":91,"column":58}},"loc":{"start":{"line":91,"column":66},"end":{"line":91,"column":96}},"line":91}},"branchMap":{"0":{"loc":{"start":{"line":13,"column":6},"end":{"line":15,"column":7}},"type":"if","locations":[{"start":{"line":13,"column":6},"end":{"line":15,"column":7}},{"start":{},"end":{}}],"line":13},"1":{"loc":{"start":{"line":18,"column":6},"end":{"line":20,"column":7}},"type":"if","locations":[{"start":{"line":18,"column":6},"end":{"line":20,"column":7}},{"start":{},"end":{}}],"line":18},"2":{"loc":{"start":{"line":45,"column":6},"end":{"line":59,"column":7}},"type":"if","locations":[{"start":{"line":45,"column":6},"end":{"line":59,"column":7}},{"start":{},"end":{}}],"line":45},"3":{"loc":{"start":{"line":46,"column":8},"end":{"line":48,"column":9}},"type":"if","locations":[{"start":{"line":46,"column":8},"end":{"line":48,"column":9}},{"start":{},"end":{}}],"line":46},"4":{"loc":{"start":{"line":53,"column":8},"end":{"line":58,"column":9}},"type":"if","locations":[{"start":{"line":53,"column":8},"end":{"line":58,"column":9}},{"start":{},"end":{}}],"line":53},"5":{"loc":{"start":{"line":55,"column":10},"end":{"line":57,"column":11}},"type":"if","locations":[{"start":{"line":55,"column":10},"end":{"line":57,"column":11}},{"start":{},"end":{}}],"line":55},"6":{"loc":{"start":{"line":92,"column":4},"end":{"line":94,"column":5}},"type":"if","locations":[{"start":{"line":92,"column":4},"end":{"line":94,"column":5}},{"start":{},"end":{}}],"line":92}},"s":{"0":13,"1":3,"2":3,"3":3,"4":1,"5":2,"6":2,"7":1,"8":1,"9":1,"10":2,"11":2,"12":2,"13":2,"14":0,"15":0,"16":3,"17":3,"18":2,"19":2,"20":0,"21":2,"22":2,"23":2,"24":2,"25":2,"26":1,"27":1,"28":1,"29":2,"30":2,"31":2,"32":1,"33":1,"34":1,"35":2,"36":2,"37":9,"38":9,"39":5,"40":5,"41":11,"42":5,"43":2},"f":{"0":13,"1":3,"2":2,"3":0,"4":3,"5":2,"6":2,"7":9,"8":5,"9":11},"b":{"0":[1,2],"1":[1,1],"2":[2,0],"3":[0,2],"4":[2,0],"5":[1,1],"6":[2,3]},"_coverageSchema":"1a1c01bbd47fc00a2c39e90264f33305004495a9","hash":"f359fc2f753a8d930e1744a25e686236943eacff"}
,"/home/santiago/Documentos/programacion_4/Progra_4/nuevo/capstone_prog4/src/services/waitPointService.js": {"path":"/home/santiago/Documentos/programacion_4/Progra_4/nuevo/capstone_prog4/src/services/waitPointService.js","statementMap":{"0":{"start":{"line":6,"column":4},"end":{"line":6,"column":51}},"1":{"start":{"line":7,"column":4},"end":{"line":7,"column":39}},"2":{"start":{"line":11,"column":28},"end":{"line":11,"column":41}},"3":{"start":{"line":13,"column":30},"end":{"line":13,"column":80}},"4":{"start":{"line":14,"column":24},"end":{"line":14,"column":82}},"5":{"start":{"line":16,"column":4},"end":{"line":18,"column":5}},"6":{"start":{"line":17,"column":6},"end":{"line":17,"column":93}},"7":{"start":{"line":20,"column":31},"end":{"line":20,"column":93}},"8":{"start":{"line":21,"column":4},"end":{"line":21,"column":78}},"9":{"start":{"line":25,"column":30},"end":{"line":25,"column":80}},"10":{"start":{"line":26,"column":4},"end":{"line":26,"column":63}},"11":{"start":{"line":28,"column":29},"end":{"line":28,"column":85}},"12":{"start":{"line":29,"column":4},"end":{"line":29,"column":85}},"13":{"start":{"line":33,"column":29},"end":{"line":33,"column":79}},"14":{"start":{"line":34,"column":4},"end":{"line":34,"column":72}},"15":{"start":{"line":38,"column":28},"end":{"line":38,"column":81}},"16":{"start":{"line":39,"column":4},"end":{"line":39,"column":75}},"17":{"start":{"line":43,"column":28},"end":{"line":43,"column":81}},"18":{"start":{"line":44,"column":22},"end":{"line":44,"column":85}},"19":{"start":{"line":46,"column":30},"end":{"line":46,"column":90}},"20":{"start":{"line":47,"column":24},"end":{"line":47,"column":82}},"21":{"start":{"line":49,"column":4},"end":{"line":53,"column":5}},"22":{"start":{"line":50,"column":6},"end":{"line":52,"column":7}},"23":{"start":{"line":51,"column":8},"end":{"line":51,"column":95}},"24":{"start":{"line":55,"column":35},"end":{"line":55,"column":102}},"25":{"start":{"line":56,"column":4},"end":{"line":56,"column":82}},"26":{"start":{"line":60,"column":25},"end":{"line":60,"column":80}},"27":{"start":{"line":61,"column":4},"end":{"line":61,"column":65}},"28":{"start":{"line":62,"column":4},"end":{"line":62,"column":58}}},"fnMap":{"0":{"name":"(anonymous_0)","decl":{"start":{"line":5,"column":2},"end":{"line":5,"column":3}},"loc":{"start":{"line":5,"column":50},"end":{"line":8,"column":3}},"line":5},"1":{"name":"(anonymous_1)","decl":{"start":{"line":10,"column":2},"end":{"line":10,"column":3}},"loc":{"start":{"line":10,"column":39},"end":{"line":22,"column":3}},"line":10},"2":{"name":"(anonymous_2)","decl":{"start":{"line":24,"column":2},"end":{"line":24,"column":3}},"loc":{"start":{"line":24,"column":36},"end":{"line":30,"column":3}},"line":24},"3":{"name":"(anonymous_3)","decl":{"start":{"line":32,"column":2},"end":{"line":32,"column":3}},"loc":{"start":{"line":32,"column":23},"end":{"line":35,"column":3}},"line":32},"4":{"name":"(anonymous_4)","decl":{"start":{"line":37,"column":2},"end":{"line":37,"column":3}},"loc":{"start":{"line":37,"column":29},"end":{"line":40,"column":3}},"line":37},"5":{"name":"(anonymous_5)","decl":{"start":{"line":42,"column":2},"end":{"line":42,"column":3}},"loc":{"start":{"line":42,"column":40},"end":{"line":57,"column":3}},"line":42},"6":{"name":"(anonymous_6)","decl":{"start":{"line":59,"column":2},"end":{"line":59,"column":3}},"loc":{"start":{"line":59,"column":28},"end":{"line":63,"column":3}},"line":59}},"branchMap":{"0":{"loc":{"start":{"line":16,"column":4},"end":{"line":18,"column":5}},"type":"if","locations":[{"start":{"line":16,"column":4},"end":{"line":18,"column":5}},{"start":{},"end":{}}],"line":16},"1":{"loc":{"start":{"line":16,"column":8},"end":{"line":16,"column":97}},"type":"binary-expr","locations":[{"start":{"line":16,"column":8},"end":{"line":16,"column":13}},{"start":{"line":16,"column":17},"end":{"line":16,"column":22}},{"start":{"line":16,"column":26},"end":{"line":16,"column":59}},{"start":{"line":16,"column":63},"end":{"line":16,"column":97}}],"line":16},"2":{"loc":{"start":{"line":49,"column":4},"end":{"line":53,"column":5}},"type":"if","locations":[{"start":{"line":49,"column":4},"end":{"line":53,"column":5}},{"start":{},"end":{}}],"line":49},"3":{"loc":{"start":{"line":49,"column":8},"end":{"line":49,"column":64}},"type":"binary-expr","locations":[{"start":{"line":49,"column":8},"end":{"line":49,"column":34}},{"start":{"line":49,"column":38},"end":{"line":49,"column":64}}],"line":49},"4":{"loc":{"start":{"line":50,"column":6},"end":{"line":52,"column":7}},"type":"if","locations":[{"start":{"line":50,"column":6},"end":{"line":52,"column":7}},{"start":{},"end":{}}],"line":50},"5":{"loc":{"start":{"line":50,"column":10},"end":{"line":50,"column":143}},"type":"binary-expr","locations":[{"start":{"line":50,"column":10},"end":{"line":50,"column":26}},{"start":{"line":50,"column":30},"end":{"line":50,"column":46}},{"start":{"line":50,"column":50},"end":{"line":50,"column":94}},{"start":{"line":50,"column":98},"end":{"line":50,"column":143}}],"line":50}},"s":{"0":6,"1":6,"2":2,"3":2,"4":2,"5":2,"6":1,"7":1,"8":1,"9":1,"10":1,"11":1,"12":1,"13":1,"14":1,"15":0,"16":0,"17":1,"18":1,"19":1,"20":1,"21":1,"22":1,"23":0,"24":1,"25":1,"26":1,"27":1,"28":1},"f":{"0":6,"1":2,"2":1,"3":1,"4":0,"5":1,"6":1},"b":{"0":[1,1],"1":[2,2,2,1],"2":[1,0],"3":[1,1],"4":[0,1],"5":[1,1,1,1]},"_coverageSchema":"1a1c01bbd47fc00a2c39e90264f33305004495a9","hash":"cc3ef54addd8477a26f4d354c9c444b5f8b9a9bc"}
,"/home/santiago/Documentos/programacion_4/Progra_4/nuevo/capstone_prog4/src/utils/error.js": {"path":"/home/santiago/Documentos/programacion_4/Progra_4/nuevo/capstone_prog4/src/utils/error.js","statementMap":{"0":{"start":{"line":3,"column":27},"end":{"line":7,"column":1}},"1":{"start":{"line":4,"column":16},"end":{"line":4,"column":34}},"2":{"start":{"line":5,"column":2},"end":{"line":5,"column":32}},"3":{"start":{"line":6,"column":2},"end":{"line":6,"column":15}}},"fnMap":{"0":{"name":"(anonymous_0)","decl":{"start":{"line":3,"column":27},"end":{"line":3,"column":28}},"loc":{"start":{"line":3,"column":52},"end":{"line":7,"column":1}},"line":3}},"branchMap":{},"s":{"0":5,"1":13,"2":13,"3":13},"f":{"0":13},"b":{},"_coverageSchema":"1a1c01bbd47fc00a2c39e90264f33305004495a9","hash":"aec4094e8b31a7cbf718b176da194edc01e17456"}
,"/home/santiago/Documentos/programacion_4/Progra_4/nuevo/capstone_prog4/src/utils/resultUtils.js": {"path":"/home/santiago/Documentos/programacion_4/Progra_4/nuevo/capstone_prog4/src/utils/resultUtils.js","statementMap":{"0":{"start":{"line":5,"column":17},"end":{"line":19,"column":1}},"1":{"start":{"line":6,"column":2},"end":{"line":18,"column":3}},"2":{"start":{"line":7,"column":17},"end":{"line":7,"column":30}},"3":{"start":{"line":9,"column":4},"end":{"line":14,"column":5}},"4":{"start":{"line":10,"column":6},"end":{"line":13,"column":9}},"5":{"start":{"line":15,"column":4},"end":{"line":15,"column":27}},"6":{"start":{"line":17,"column":4},"end":{"line":17,"column":31}},"7":{"start":{"line":22,"column":21},"end":{"line":37,"column":1}},"8":{"start":{"line":23,"column":2},"end":{"line":31,"column":3}},"9":{"start":{"line":25,"column":18},"end":{"line":25,"column":30}},"10":{"start":{"line":26,"column":4},"end":{"line":29,"column":5}},"11":{"start":{"line":28,"column":6},"end":{"line":28,"column":18}},"12":{"start":{"line":30,"column":4},"end":{"line":30,"column":85}},"13":{"start":{"line":33,"column":2},"end":{"line":35,"column":3}},"14":{"start":{"line":34,"column":4},"end":{"line":34,"column":76}},"15":{"start":{"line":36,"column":2},"end":{"line":36,"column":22}}},"fnMap":{"0":{"name":"(anonymous_0)","decl":{"start":{"line":5,"column":17},"end":{"line":5,"column":18}},"loc":{"start":{"line":5,"column":36},"end":{"line":19,"column":1}},"line":5},"1":{"name":"(anonymous_1)","decl":{"start":{"line":22,"column":21},"end":{"line":22,"column":22}},"loc":{"start":{"line":22,"column":59},"end":{"line":37,"column":1}},"line":22}},"branchMap":{"0":{"loc":{"start":{"line":9,"column":4},"end":{"line":14,"column":5}},"type":"if","locations":[{"start":{"line":9,"column":4},"end":{"line":14,"column":5}},{"start":{},"end":{}}],"line":9},"1":{"loc":{"start":{"line":9,"column":8},"end":{"line":9,"column":43}},"type":"binary-expr","locations":[{"start":{"line":9,"column":8},"end":{"line":9,"column":21}},{"start":{"line":9,"column":25},"end":{"line":9,"column":43}}],"line":9},"2":{"loc":{"start":{"line":23,"column":2},"end":{"line":31,"column":3}},"type":"if","locations":[{"start":{"line":23,"column":2},"end":{"line":31,"column":3}},{"start":{},"end":{}}],"line":23},"3":{"loc":{"start":{"line":26,"column":4},"end":{"line":29,"column":5}},"type":"if","locations":[{"start":{"line":26,"column":4},"end":{"line":29,"column":5}},{"start":{},"end":{}}],"line":26},"4":{"loc":{"start":{"line":30,"column":22},"end":{"line":30,"column":51}},"type":"binary-expr","locations":[{"start":{"line":30,"column":22},"end":{"line":30,"column":35}},{"start":{"line":30,"column":39},"end":{"line":30,"column":51}}],"line":30},"5":{"loc":{"start":{"line":30,"column":53},"end":{"line":30,"column":83}},"type":"binary-expr","locations":[{"start":{"line":30,"column":53},"end":{"line":30,"column":69}},{"start":{"line":30,"column":73},"end":{"line":30,"column":83}}],"line":30},"6":{"loc":{"start":{"line":33,"column":2},"end":{"line":35,"column":3}},"type":"if","locations":[{"start":{"line":33,"column":2},"end":{"line":35,"column":3}},{"start":{},"end":{}}],"line":33},"7":{"loc":{"start":{"line":33,"column":6},"end":{"line":33,"column":57}},"type":"binary-expr","locations":[{"start":{"line":33,"column":6},"end":{"line":33,"column":27}},{"start":{"line":33,"column":31},"end":{"line":33,"column":57}}],"line":33},"8":{"loc":{"start":{"line":34,"column":22},"end":{"line":34,"column":55}},"type":"binary-expr","locations":[{"start":{"line":34,"column":22},"end":{"line":34,"column":34}},{"start":{"line":34,"column":38},"end":{"line":34,"column":55}}],"line":34},"9":{"loc":{"start":{"line":34,"column":57},"end":{"line":34,"column":74}},"type":"binary-expr","locations":[{"start":{"line":34,"column":57},"end":{"line":34,"column":67}},{"start":{"line":34,"column":71},"end":{"line":34,"column":74}}],"line":34}},"s":{"0":4,"1":40,"2":40,"3":38,"4":6,"5":32,"6":2,"7":4,"8":40,"9":8,"10":8,"11":6,"12":2,"13":32,"14":0,"15":32},"f":{"0":40,"1":40},"b":{"0":[6,32],"1":[38,34],"2":[8,32],"3":[6,2],"4":[2,0],"5":[2,2],"6":[0,32],"7":[32,32],"8":[0,0],"9":[0,0]},"_coverageSchema":"1a1c01bbd47fc00a2c39e90264f33305004495a9","hash":"7ec97190c7302b5c4fa96beea935f91099752554"}
,"/home/santiago/Documentos/programacion_4/Progra_4/nuevo/capstone_prog4/src/utils/validation.js": {"path":"/home/santiago/Documentos/programacion_4/Progra_4/nuevo/capstone_prog4/src/utils/validation.js","statementMap":{"0":{"start":{"line":8,"column":26},"end":{"line":17,"column":1}},"1":{"start":{"line":9,"column":2},"end":{"line":9,"column":63}},"2":{"start":{"line":10,"column":22},"end":{"line":10,"column":47}},"3":{"start":{"line":11,"column":2},"end":{"line":14,"column":3}},"4":{"start":{"line":12,"column":4},"end":{"line":12,"column":53}},"5":{"start":{"line":13,"column":4},"end":{"line":13,"column":54}},"6":{"start":{"line":15,"column":2},"end":{"line":15,"column":43}},"7":{"start":{"line":16,"column":2},"end":{"line":16,"column":21}},"8":{"start":{"line":21,"column":27},"end":{"line":26,"column":1}},"9":{"start":{"line":22,"column":28},"end":{"line":22,"column":38}},"10":{"start":{"line":23,"column":2},"end":{"line":25,"column":4}},"11":{"start":{"line":24,"column":4},"end":{"line":24,"column":49}},"12":{"start":{"line":29,"column":36},"end":{"line":64,"column":1}},"13":{"start":{"line":30,"column":46},"end":{"line":34,"column":4}},"14":{"start":{"line":36,"column":21},"end":{"line":61,"column":4}},"15":{"start":{"line":38,"column":23},"end":{"line":38,"column":87}},"16":{"start":{"line":38,"column":50},"end":{"line":38,"column":86}},"17":{"start":{"line":39,"column":4},"end":{"line":41,"column":5}},"18":{"start":{"line":40,"column":6},"end":{"line":40,"column":86}},"19":{"start":{"line":44,"column":24},"end":{"line":47,"column":5}},"20":{"start":{"line":45,"column":6},"end":{"line":46,"column":46}},"21":{"start":{"line":48,"column":4},"end":{"line":50,"column":5}},"22":{"start":{"line":49,"column":6},"end":{"line":49,"column":87}},"23":{"start":{"line":53,"column":24},"end":{"line":55,"column":5}},"24":{"start":{"line":54,"column":6},"end":{"line":54,"column":62}},"25":{"start":{"line":56,"column":4},"end":{"line":58,"column":5}},"26":{"start":{"line":57,"column":6},"end":{"line":57,"column":87}},"27":{"start":{"line":60,"column":4},"end":{"line":60,"column":17}},"28":{"start":{"line":63,"column":2},"end":{"line":63,"column":21}},"29":{"start":{"line":67,"column":37},"end":{"line":73,"column":1}},"30":{"start":{"line":68,"column":19},"end":{"line":68,"column":54}},"31":{"start":{"line":69,"column":2},"end":{"line":71,"column":3}},"32":{"start":{"line":70,"column":4},"end":{"line":70,"column":72}},"33":{"start":{"line":72,"column":2},"end":{"line":72,"column":14}},"34":{"start":{"line":76,"column":28},"end":{"line":99,"column":1}},"35":{"start":{"line":77,"column":19},"end":{"line":77,"column":24}},"36":{"start":{"line":78,"column":34},"end":{"line":81,"column":4}},"37":{"start":{"line":84,"column":21},"end":{"line":84,"column":85}},"38":{"start":{"line":84,"column":48},"end":{"line":84,"column":84}},"39":{"start":{"line":85,"column":2},"end":{"line":87,"column":3}},"40":{"start":{"line":86,"column":4},"end":{"line":86,"column":81}},"41":{"start":{"line":90,"column":22},"end":{"line":93,"column":3}},"42":{"start":{"line":91,"column":4},"end":{"line":92,"column":44}},"43":{"start":{"line":94,"column":2},"end":{"line":96,"column":3}},"44":{"start":{"line":95,"column":4},"end":{"line":95,"column":82}},"45":{"start":{"line":98,"column":2},"end":{"line":98,"column":14}},"46":{"start":{"line":102,"column":32},"end":{"line":108,"column":1}},"47":{"start":{"line":103,"column":20},"end":{"line":103,"column":48}},"48":{"start":{"line":104,"column":2},"end":{"line":106,"column":3}},"49":{"start":{"line":105,"column":4},"end":{"line":105,"column":61}},"50":{"start":{"line":107,"column":2},"end":{"line":107,"column":19}}},"fnMap":{"0":{"name":"(anonymous_0)","decl":{"start":{"line":8,"column":26},"end":{"line":8,"column":27}},"loc":{"start":{"line":8,"column":43},"end":{"line":17,"column":1}},"line":8},"1":{"name":"(anonymous_1)","decl":{"start":{"line":21,"column":27},"end":{"line":21,"column":28}},"loc":{"start":{"line":21,"column":56},"end":{"line":26,"column":1}},"line":21},"2":{"name":"(anonymous_2)","decl":{"start":{"line":23,"column":27},"end":{"line":23,"column":28}},"loc":{"start":{"line":24,"column":4},"end":{"line":24,"column":49}},"line":24},"3":{"name":"(anonymous_3)","decl":{"start":{"line":29,"column":36},"end":{"line":29,"column":37}},"loc":{"start":{"line":29,"column":66},"end":{"line":64,"column":1}},"line":29},"4":{"name":"(anonymous_4)","decl":{"start":{"line":36,"column":38},"end":{"line":36,"column":39}},"loc":{"start":{"line":36,"column":52},"end":{"line":61,"column":3}},"line":36},"5":{"name":"(anonymous_5)","decl":{"start":{"line":38,"column":38},"end":{"line":38,"column":39}},"loc":{"start":{"line":38,"column":50},"end":{"line":38,"column":86}},"line":38},"6":{"name":"(anonymous_6)","decl":{"start":{"line":44,"column":40},"end":{"line":44,"column":41}},"loc":{"start":{"line":45,"column":6},"end":{"line":46,"column":46}},"line":45},"7":{"name":"(anonymous_7)","decl":{"start":{"line":53,"column":40},"end":{"line":53,"column":41}},"loc":{"start":{"line":54,"column":6},"end":{"line":54,"column":62}},"line":54},"8":{"name":"(anonymous_8)","decl":{"start":{"line":67,"column":37},"end":{"line":67,"column":38}},"loc":{"start":{"line":67,"column":66},"end":{"line":73,"column":1}},"line":67},"9":{"name":"(anonymous_9)","decl":{"start":{"line":76,"column":28},"end":{"line":76,"column":29}},"loc":{"start":{"line":76,"column":52},"end":{"line":99,"column":1}},"line":76},"10":{"name":"(anonymous_10)","decl":{"start":{"line":84,"column":36},"end":{"line":84,"column":37}},"loc":{"start":{"line":84,"column":48},"end":{"line":84,"column":84}},"line":84},"11":{"name":"(anonymous_11)","decl":{"start":{"line":90,"column":38},"end":{"line":90,"column":39}},"loc":{"start":{"line":91,"column":4},"end":{"line":92,"column":44}},"line":91},"12":{"name":"(anonymous_12)","decl":{"start":{"line":102,"column":32},"end":{"line":102,"column":33}},"loc":{"start":{"line":102,"column":46},"end":{"line":108,"column":1}},"line":102}},"branchMap":{"0":{"loc":{"start":{"line":11,"column":2},"end":{"line":14,"column":3}},"type":"if","locations":[{"start":{"line":11,"column":2},"end":{"line":14,"column":3}},{"start":{},"end":{}}],"line":11},"1":{"loc":{"start":{"line":24,"column":4},"end":{"line":24,"column":49}},"type":"binary-expr","locations":[{"start":{"line":24,"column":4},"end":{"line":24,"column":10}},{"start":{"line":24,"column":14},"end":{"line":24,"column":24}},{"start":{"line":24,"column":28},"end":{"line":24,"column":34}},{"start":{"line":24,"column":38},"end":{"line":24,"column":49}}],"line":24},"2":{"loc":{"start":{"line":38,"column":50},"end":{"line":38,"column":86}},"type":"binary-expr","locations":[{"start":{"line":38,"column":50},"end":{"line":38,"column":66}},{"start":{"line":38,"column":70},"end":{"line":38,"column":86}}],"line":38},"3":{"loc":{"start":{"line":39,"column":4},"end":{"line":41,"column":5}},"type":"if","locations":[{"start":{"line":39,"column":4},"end":{"line":41,"column":5}},{"start":{},"end":{}}],"line":39},"4":{"loc":{"start":{"line":45,"column":6},"end":{"line":46,"column":46}},"type":"binary-expr","locations":[{"start":{"line":45,"column":7},"end":{"line":45,"column":26}},{"start":{"line":45,"column":30},"end":{"line":45,"column":49}},{"start":{"line":46,"column":7},"end":{"line":46,"column":24}},{"start":{"line":46,"column":28},"end":{"line":46,"column":45}}],"line":45},"5":{"loc":{"start":{"line":48,"column":4},"end":{"line":50,"column":5}},"type":"if","locations":[{"start":{"line":48,"column":4},"end":{"line":50,"column":5}},{"start":{},"end":{}}],"line":48},"6":{"loc":{"start":{"line":54,"column":6},"end":{"line":54,"column":62}},"type":"binary-expr","locations":[{"start":{"line":54,"column":6},"end":{"line":54,"column":32}},{"start":{"line":54,"column":36},"end":{"line":54,"column":62}}],"line":54},"7":{"loc":{"start":{"line":56,"column":4},"end":{"line":58,"column":5}},"type":"if","locations":[{"start":{"line":56,"column":4},"end":{"line":58,"column":5}},{"start":{},"end":{}}],"line":56},"8":{"loc":{"start":{"line":69,"column":2},"end":{"line":71,"column":3}},"type":"if","locations":[{"start":{"line":69,"column":2},"end":{"line":71,"column":3}},{"start":{},"end":{}}],"line":69},"9":{"loc":{"start":{"line":69,"column":6},"end":{"line":69,"column":65}},"type":"binary-expr","locations":[{"start":{"line":69,"column":6},"end":{"line":69,"column":15}},{"start":{"line":69,"column":19},"end":{"line":69,"column":65}}],"line":69},"10":{"loc":{"start":{"line":84,"column":48},"end":{"line":84,"column":84}},"type":"binary-expr","locations":[{"start":{"line":84,"column":48},"end":{"line":84,"column":64}},{"start":{"line":84,"column":68},"end":{"line":84,"column":84}}],"line":84},"11":{"loc":{"start":{"line":85,"column":2},"end":{"line":87,"column":3}},"type":"if","locations":[{"start":{"line":85,"column":2},"end":{"line":87,"column":3}},{"start":{},"end":{}}],"line":85},"12":{"loc":{"start":{"line":91,"column":4},"end":{"line":92,"column":44}},"type":"binary-expr","locations":[{"start":{"line":91,"column":5},"end":{"line":91,"column":24}},{"start":{"line":91,"column":28},"end":{"line":91,"column":47}},{"start":{"line":92,"column":5},"end":{"line":92,"column":22}},{"start":{"line":92,"column":26},"end":{"line":92,"column":43}}],"line":91},"13":{"loc":{"start":{"line":94,"column":2},"end":{"line":96,"column":3}},"type":"if","locations":[{"start":{"line":94,"column":2},"end":{"line":96,"column":3}},{"start":{},"end":{}}],"line":94},"14":{"loc":{"start":{"line":104,"column":2},"end":{"line":106,"column":3}},"type":"if","locations":[{"start":{"line":104,"column":2},"end":{"line":106,"column":3}},{"start":{},"end":{}}],"line":104}},"s":{"0":2,"1":0,"2":0,"3":0,"4":0,"5":0,"6":0,"7":0,"8":2,"9":1,"10":1,"11":2,"12":2,"13":1,"14":1,"15":2,"16":0,"17":2,"18":0,"19":2,"20":0,"21":2,"22":0,"23":2,"24":2,"25":2,"26":1,"27":1,"28":0,"29":2,"30":0,"31":0,"32":0,"33":0,"34":2,"35":0,"36":0,"37":0,"38":0,"39":0,"40":0,"41":0,"42":0,"43":0,"44":0,"45":0,"46":2,"47":0,"48":0,"49":0,"50":0},"f":{"0":0,"1":1,"2":2,"3":1,"4":2,"5":0,"6":0,"7":2,"8":0,"9":0,"10":0,"11":0,"12":0},"b":{"0":[0,0],"1":[2,2,2,2],"2":[0,0],"3":[0,2],"4":[0,0,0,0],"5":[0,2],"6":[2,1],"7":[1,1],"8":[0,0],"9":[0,0],"10":[0,0],"11":[0,0],"12":[0,0,0,0],"13":[0,0],"14":[0,0]},"_coverageSchema":"1a1c01bbd47fc00a2c39e90264f33305004495a9","hash":"9ae46732a9993e5d9fab14cab4e97338b92e01f9"}
}
