TN:
SF:src/models/gameRouteModel.js
FNF:0
FNH:0
DA:3,2
DA:24,2
LF:2
LH:2
BRF:0
BRH:0
end_of_record
TN:
SF:src/models/mapModel.js
FNF:0
FNH:0
DA:3,2
DA:39,2
LF:2
LH:2
BRF:0
BRH:0
end_of_record
TN:
SF:src/models/obstacleModel.js
FNF:0
FNH:0
DA:3,2
DA:25,2
LF:2
LH:2
BRF:0
BRH:0
end_of_record
TN:
SF:src/models/waitPointModel.js
FNF:0
FNH:0
DA:3,2
DA:21,2
LF:2
LH:2
BRF:0
BRH:0
end_of_record
TN:
SF:src/services/gameRouteService.js
FN:9,(anonymous_0)
FN:15,(anonymous_1)
FN:27,(anonymous_2)
FN:42,(anonymous_3)
FN:65,(anonymous_4)
FN:82,(anonymous_5)
FN:87,(anonymous_6)
FN:99,(anonymous_7)
FNF:8
FNH:7
FNDA:14,(anonymous_0)
FNDA:5,(anonymous_1)
FNDA:3,(anonymous_2)
FNDA:2,(anonymous_3)
FNDA:4,(anonymous_4)
FNDA:0,(anonymous_5)
FNDA:2,(anonymous_6)
FNDA:3,(anonymous_7)
DA:10,14
DA:11,14
DA:16,5
DA:17,5
DA:19,5
DA:20,2
DA:23,3
DA:28,3
DA:29,3
DA:31,3
DA:32,1
DA:35,2
DA:36,0
DA:39,1
DA:43,2
DA:45,2
DA:49,1
DA:50,1
DA:52,0
DA:53,0
DA:56,1
DA:57,0
DA:58,0
DA:62,1
DA:67,4
DA:68,4
DA:71,4
DA:72,1
DA:76,3
DA:79,3
DA:83,0
DA:88,2
DA:89,2
DA:90,1
DA:92,1
DA:95,1
DA:100,3
DA:101,2
DA:102,0
DA:105,2
DA:108,2
LF:41
LH:34
BRDA:19,0,0,2
BRDA:19,0,1,3
BRDA:31,1,0,1
BRDA:31,1,1,2
BRDA:31,2,0,3
BRDA:31,2,1,2
BRDA:35,3,0,0
BRDA:35,3,1,1
BRDA:56,4,0,0
BRDA:56,4,1,1
BRDA:71,5,0,1
BRDA:71,5,1,3
BRDA:101,6,0,0
BRDA:101,6,1,2
BRF:14
BRH:11
end_of_record
TN:
SF:src/services/mapService.js
FN:6,(anonymous_0)
FN:12,(anonymous_1)
FN:65,(anonymous_2)
FN:71,(anonymous_3)
FN:77,(anonymous_4)
FN:84,(anonymous_5)
FNF:6
FNH:6
FNDA:7,(anonymous_0)
FNDA:3,(anonymous_1)
FNDA:1,(anonymous_2)
FNDA:1,(anonymous_3)
FNDA:1,(anonymous_4)
FNDA:1,(anonymous_5)
DA:7,7
DA:8,7
DA:13,3
DA:14,3
DA:17,3
DA:18,1
DA:22,2
DA:23,2
DA:26,2
DA:27,2
DA:30,2
DA:31,2
DA:33,2
DA:35,0
DA:37,0
DA:40,0
DA:43,0
DA:47,2
DA:48,1
DA:53,1
DA:54,1
DA:56,1
DA:58,2
DA:59,2
DA:66,1
DA:67,1
DA:72,1
DA:73,1
DA:74,1
DA:78,1
DA:79,1
DA:80,1
DA:85,1
DA:86,1
DA:87,1
LF:35
LH:31
BRDA:17,0,0,1
BRDA:17,0,1,2
BRDA:17,1,0,3
BRDA:17,1,1,2
BRDA:30,2,0,2
BRDA:30,2,1,1
BRF:6
BRH:6
end_of_record
TN:
SF:src/services/obstacleService.js
FN:5,(anonymous_0)
FN:9,(anonymous_1)
FN:36,(anonymous_2)
FN:42,(anonymous_3)
FN:49,(anonymous_4)
FN:56,(anonymous_5)
FNF:6
FNH:6
FNDA:6,(anonymous_0)
FNDA:2,(anonymous_1)
FNDA:1,(anonymous_2)
FNDA:1,(anonymous_3)
FNDA:1,(anonymous_4)
FNDA:1,(anonymous_5)
DA:6,6
DA:10,2
DA:11,2
DA:14,2
DA:15,1
DA:19,1
DA:23,1
DA:25,1
DA:27,1
DA:28,1
DA:30,1
DA:31,1
DA:37,1
DA:38,1
DA:43,1
DA:44,1
DA:45,1
DA:50,1
DA:51,1
DA:52,1
DA:57,1
DA:58,1
DA:59,1
LF:23
LH:23
BRDA:14,0,0,1
BRDA:14,0,1,1
BRDA:14,1,0,2
BRDA:14,1,1,1
BRF:4
BRH:4
end_of_record
TN:
SF:src/services/userService.js
FN:5,(anonymous_0)
FN:9,(anonymous_1)
FN:31,(anonymous_2)
FN:36,(anonymous_3)
FN:41,(anonymous_4)
FN:69,(anonymous_5)
FN:77,(anonymous_6)
FN:83,(anonymous_7)
FN:89,(anonymous_8)
FN:91,(anonymous_9)
FNF:10
FNH:9
FNDA:13,(anonymous_0)
FNDA:3,(anonymous_1)
FNDA:2,(anonymous_2)
FNDA:0,(anonymous_3)
FNDA:3,(anonymous_4)
FNDA:2,(anonymous_5)
FNDA:2,(anonymous_6)
FNDA:9,(anonymous_7)
FNDA:5,(anonymous_8)
FNDA:11,(anonymous_9)
DA:6,13
DA:10,3
DA:11,3
DA:13,3
DA:14,1
DA:17,2
DA:18,2
DA:19,1
DA:23,1
DA:24,1
DA:26,2
DA:27,2
DA:32,2
DA:33,2
DA:37,0
DA:38,0
DA:42,3
DA:43,3
DA:45,2
DA:46,2
DA:47,0
DA:50,2
DA:51,2
DA:53,2
DA:54,2
DA:55,2
DA:56,1
DA:61,1
DA:62,1
DA:64,2
DA:65,2
DA:70,2
DA:71,1
DA:72,1
DA:73,1
DA:78,2
DA:79,2
DA:84,9
DA:85,9
DA:90,5
DA:91,11
DA:92,5
DA:93,2
LF:43
LH:40
BRDA:13,0,0,1
BRDA:13,0,1,2
BRDA:18,1,0,1
BRDA:18,1,1,1
BRDA:45,2,0,2
BRDA:45,2,1,0
BRDA:46,3,0,0
BRDA:46,3,1,2
BRDA:53,4,0,2
BRDA:53,4,1,0
BRDA:55,5,0,1
BRDA:55,5,1,1
BRDA:92,6,0,2
BRDA:92,6,1,3
BRF:14
BRH:11
end_of_record
TN:
SF:src/services/waitPointService.js
FN:5,(anonymous_0)
FN:10,(anonymous_1)
FN:24,(anonymous_2)
FN:32,(anonymous_3)
FN:37,(anonymous_4)
FN:42,(anonymous_5)
FN:59,(anonymous_6)
FNF:7
FNH:6
FNDA:6,(anonymous_0)
FNDA:2,(anonymous_1)
FNDA:1,(anonymous_2)
FNDA:1,(anonymous_3)
FNDA:0,(anonymous_4)
FNDA:1,(anonymous_5)
FNDA:1,(anonymous_6)
DA:6,6
DA:7,6
DA:11,2
DA:13,2
DA:14,2
DA:16,2
DA:17,1
DA:20,1
DA:21,1
DA:25,1
DA:26,1
DA:28,1
DA:29,1
DA:33,1
DA:34,1
DA:38,0
DA:39,0
DA:43,1
DA:44,1
DA:46,1
DA:47,1
DA:49,1
DA:50,1
DA:51,0
DA:55,1
DA:56,1
DA:60,1
DA:61,1
DA:62,1
LF:29
LH:26
BRDA:16,0,0,1
BRDA:16,0,1,1
BRDA:16,1,0,2
BRDA:16,1,1,2
BRDA:16,1,2,2
BRDA:16,1,3,1
BRDA:49,2,0,1
BRDA:49,2,1,0
BRDA:49,3,0,1
BRDA:49,3,1,1
BRDA:50,4,0,0
BRDA:50,4,1,1
BRDA:50,5,0,1
BRDA:50,5,1,1
BRDA:50,5,2,1
BRDA:50,5,3,1
BRF:16
BRH:14
end_of_record
TN:
SF:src/utils/error.js
FN:3,(anonymous_0)
FNF:1
FNH:1
FNDA:13,(anonymous_0)
DA:3,5
DA:4,13
DA:5,13
DA:6,13
LF:4
LH:4
BRF:0
BRH:0
end_of_record
TN:
SF:src/utils/resultUtils.js
FN:5,(anonymous_0)
FN:22,(anonymous_1)
FNF:2
FNH:2
FNDA:40,(anonymous_0)
FNDA:40,(anonymous_1)
DA:5,4
DA:6,40
DA:7,40
DA:9,38
DA:10,6
DA:15,32
DA:17,2
DA:22,4
DA:23,40
DA:25,8
DA:26,8
DA:28,6
DA:30,2
DA:33,32
DA:34,0
DA:36,32
LF:16
LH:15
BRDA:9,0,0,6
BRDA:9,0,1,32
BRDA:9,1,0,38
BRDA:9,1,1,34
BRDA:23,2,0,8
BRDA:23,2,1,32
BRDA:26,3,0,6
BRDA:26,3,1,2
BRDA:30,4,0,2
BRDA:30,4,1,0
BRDA:30,5,0,2
BRDA:30,5,1,2
BRDA:33,6,0,0
BRDA:33,6,1,32
BRDA:33,7,0,32
BRDA:33,7,1,32
BRDA:34,8,0,0
BRDA:34,8,1,0
BRDA:34,9,0,0
BRDA:34,9,1,0
BRF:20
BRH:14
end_of_record
TN:
SF:src/utils/validation.js
FN:8,(anonymous_0)
FN:21,(anonymous_1)
FN:23,(anonymous_2)
FN:29,(anonymous_3)
FN:36,(anonymous_4)
FN:38,(anonymous_5)
FN:44,(anonymous_6)
FN:53,(anonymous_7)
FN:67,(anonymous_8)
FN:76,(anonymous_9)
FN:84,(anonymous_10)
FN:90,(anonymous_11)
FN:102,(anonymous_12)
FNF:13
FNH:5
FNDA:0,(anonymous_0)
FNDA:1,(anonymous_1)
FNDA:2,(anonymous_2)
FNDA:1,(anonymous_3)
FNDA:2,(anonymous_4)
FNDA:0,(anonymous_5)
FNDA:0,(anonymous_6)
FNDA:2,(anonymous_7)
FNDA:0,(anonymous_8)
FNDA:0,(anonymous_9)
FNDA:0,(anonymous_10)
FNDA:0,(anonymous_11)
FNDA:0,(anonymous_12)
DA:8,2
DA:9,0
DA:10,0
DA:11,0
DA:12,0
DA:13,0
DA:15,0
DA:16,0
DA:21,2
DA:22,1
DA:23,1
DA:24,2
DA:29,2
DA:30,1
DA:36,1
DA:38,2
DA:39,2
DA:40,0
DA:44,2
DA:45,0
DA:48,2
DA:49,0
DA:53,2
DA:54,2
DA:56,2
DA:57,1
DA:60,1
DA:63,0
DA:67,2
DA:68,0
DA:69,0
DA:70,0
DA:72,0
DA:76,2
DA:77,0
DA:78,0
DA:84,0
DA:85,0
DA:86,0
DA:90,0
DA:91,0
DA:94,0
DA:95,0
DA:98,0
DA:102,2
DA:103,0
DA:104,0
DA:105,0
DA:107,0
LF:49
LH:20
BRDA:11,0,0,0
BRDA:11,0,1,0
BRDA:24,1,0,2
BRDA:24,1,1,2
BRDA:24,1,2,2
BRDA:24,1,3,2
BRDA:38,2,0,0
BRDA:38,2,1,0
BRDA:39,3,0,0
BRDA:39,3,1,2
BRDA:45,4,0,0
BRDA:45,4,1,0
BRDA:45,4,2,0
BRDA:45,4,3,0
BRDA:48,5,0,0
BRDA:48,5,1,2
BRDA:54,6,0,2
BRDA:54,6,1,1
BRDA:56,7,0,1
BRDA:56,7,1,1
BRDA:69,8,0,0
BRDA:69,8,1,0
BRDA:69,9,0,0
BRDA:69,9,1,0
BRDA:84,10,0,0
BRDA:84,10,1,0
BRDA:85,11,0,0
BRDA:85,11,1,0
BRDA:91,12,0,0
BRDA:91,12,1,0
BRDA:91,12,2,0
BRDA:91,12,3,0
BRDA:94,13,0,0
BRDA:94,13,1,0
BRDA:104,14,0,0
BRDA:104,14,1,0
BRF:36
BRH:10
end_of_record
